[1312:1932:0322/150059:27925988:ERROR:network_change_notifier_win.cc(143)] WSALookupServiceBegin failed with: 1722
[1312:1932:0322/201511:46777882:ERROR:window_impl.cc(55)] Failed to unregister class Chrome_WidgetWin_0. Error = 1412
[932:2972:0323/072209:86796163:ERROR:network_change_notifier_win.cc(143)] WSALookupServiceBegin failed with: 1722
[932:2972:0323/113425:101931864:ERROR:window_impl.cc(55)] Failed to unregister class Chrome_WidgetWin_0. Error = 1412
[9424:7476:0323/124553:106219879:ERROR:network_change_notifier_win.cc(143)] WSALookupServiceBegin failed with: 1722
[9424:7476:0323/132539:108605634:ERROR:window_impl.cc(55)] Failed to unregister class Chrome_WidgetWin_0. Error = 1412
[8824:9680:0323/132615:108642138:ERROR:network_change_notifier_win.cc(143)] WSALookupServiceBegin failed with: 1722
[8824:9680:0323/140152:110779086:ERROR:window_impl.cc(55)] Failed to unregister class Chrome_WidgetWin_0. Error = 1412
[4664:9584:0323/140209:110795560:ERROR:network_change_notifier_win.cc(143)] WSALookupServiceBegin failed with: 1722
[4664:9584:0323/140242:110829085:ERROR:window_impl.cc(55)] Failed to unregister class Chrome_WidgetWin_0. Error = 1412
[4256:8636:0323/163500:119967030:ERROR:network_change_notifier_win.cc(143)] WSALookupServiceBegin failed with: 1722
[4256:8636:0323/204432:134939024:ERROR:network_change_notifier_win.cc(143)] WSALookupServiceBegin failed with: 1722
[4256:8636:0323/204502:134968523:ERROR:network_change_notifier_win.cc(143)] WSALookupServiceBegin failed with: 1722
[4256:8636:0323/204523:134990020:ERROR:network_change_notifier_win.cc(143)] WSALookupServiceBegin failed with: 1722
[4256:8636:0323/204536:135003015:ERROR:network_change_notifier_win.cc(143)] WSALookupServiceBegin failed with: 1722
[4256:8636:0323/204553:135019520:ERROR:network_change_notifier_win.cc(143)] WSALookupServiceBegin failed with: 1722
[4256:8636:0323/204611:135037523:ERROR:network_change_notifier_win.cc(143)] WSALookupServiceBegin failed with: 1722
[4256:8636:0323/204626:135053029:ERROR:network_change_notifier_win.cc(143)] WSALookupServiceBegin failed with: 1722
[4256:8636:0323/204635:135061531:ERROR:network_change_notifier_win.cc(143)] WSALookupServiceBegin failed with: 1722
[4256:8636:0323/204653:135079518:ERROR:network_change_notifier_win.cc(143)] WSALookupServiceBegin failed with: 1722
[4256:8636:0323/204705:135091530:ERROR:network_change_notifier_win.cc(143)] WSALookupServiceBegin failed with: 1722
[4256:8636:0323/204721:135108019:ERROR:network_change_notifier_win.cc(143)] WSALookupServiceBegin failed with: 1722
[4256:8636:0323/204729:135115523:ERROR:network_change_notifier_win.cc(143)] WSALookupServiceBegin failed with: 1722
[4256:8636:0323/204753:135140015:ERROR:network_change_notifier_win.cc(143)] WSALookupServiceBegin failed with: 1722
[4256:8636:0323/204803:135150015:ERROR:network_change_notifier_win.cc(143)] WSALookupServiceBegin failed with: 1722
[4256:8636:0323/204818:135165022:ERROR:network_change_notifier_win.cc(143)] WSALookupServiceBegin failed with: 1722
[4256:8636:0323/204826:135173025:ERROR:network_change_notifier_win.cc(143)] WSALookupServiceBegin failed with: 1722
[4256:8636:0323/204905:135211526:ERROR:network_change_notifier_win.cc(143)] WSALookupServiceBegin failed with: 1722
[4256:8636:0323/204923:135229529:ERROR:network_change_notifier_win.cc(143)] WSALookupServiceBegin failed with: 1722
[4256:8636:0323/204939:135246018:ERROR:network_change_notifier_win.cc(143)] WSALookupServiceBegin failed with: 1722
[4256:8636:0323/204959:135265549:ERROR:network_change_notifier_win.cc(143)] WSALookupServiceBegin failed with: 1722
[4256:8636:0323/205023:135289527:ERROR:network_change_notifier_win.cc(143)] WSALookupServiceBegin failed with: 1722
[4256:8636:0323/205038:135304518:ERROR:network_change_notifier_win.cc(143)] WSALookupServiceBegin failed with: 1722
[4256:8636:0323/210526:136193116:ERROR:window_impl.cc(55)] Failed to unregister class Chrome_WidgetWin_0. Error = 1412
[6368:6340:0323/234334:776323:ERROR:network_change_notifier_win.cc(143)] WSALookupServiceBegin failed with: 1722
[6368:6340:0323/234500:862513:ERROR:window_impl.cc(55)] Failed to unregister class Chrome_WidgetWin_0. Error = 1412
[4852:3744:0323/234517:880095:ERROR:network_change_notifier_win.cc(143)] WSALookupServiceBegin failed with: 1722
[4852:3744:0323/234636:958719:ERROR:render_widget_host_impl.cc(1839)] We seem to have a different key type sent from the renderer. (7 vs. 10). Ignoring event.
[4852:3744:0323/234636:958797:ERROR:render_widget_host_impl.cc(1836)] Got a KeyEvent back from the renderer but we don't seem to have sent it to the renderer!
[4852:3744:0323/234636:958797:ERROR:render_widget_host_impl.cc(1836)] Got a KeyEvent back from the renderer but we don't seem to have sent it to the renderer!
[4852:3744:0323/235044:1207166:ERROR:window_impl.cc(55)] Failed to unregister class Chrome_WidgetWin_0. Error = 1412
[4896:7160:0323/235053:1215419:ERROR:network_change_notifier_win.cc(143)] WSALookupServiceBegin failed with: 1722
[4896:7160:0323/235144:1266447:ERROR:window_impl.cc(55)] Failed to unregister class Chrome_WidgetWin_0. Error = 1412
[4616:9748:0325/080100:33300238:ERROR:network_change_notifier_win.cc(143)] WSALookupServiceBegin failed with: 1722
[4616:10756:0325/080101:33301361:ERROR:cache_util_win.cc(43)] Unable to move the cache: 5
[4616:10756:0325/080101:33301361:ERROR:backend_impl.cc(134)] Unable to move cache folder C:\Users\Steve\AppData\Local\Sencha\Sencha Architect 2.2\Cache to C:\Users\Steve\AppData\Local\Sencha\Sencha Architect 2.2\old_Cache_000
[4616:10756:0325/080101:33301361:ERROR:backend_impl.cc(221)] Unable to create cache
[4616:9748:0325/080121:33321751:ERROR:window_impl.cc(55)] Failed to unregister class Chrome_WidgetWin_0. Error = 1412
[5544:4484:0326/221350:191865:ERROR:network_change_notifier_win.cc(143)] WSALookupServiceBegin failed with: 1722
[5544:4484:0327/053021:26383279:ERROR:network_change_notifier_win.cc(143)] WSALookupServiceBegin failed with: 1722
[5544:4484:0327/053024:26386430:ERROR:network_change_notifier_win.cc(143)] WSALookupServiceBegin failed with: 1722
[5544:4484:0327/060559:28521927:ERROR:network_change_notifier_win.cc(143)] WSALookupServiceBegin failed with: 1722
[5544:4484:0327/060633:28555920:ERROR:network_change_notifier_win.cc(143)] WSALookupServiceBegin failed with: 1722
[5544:4484:0327/060656:28578431:ERROR:network_change_notifier_win.cc(143)] WSALookupServiceBegin failed with: 1722
[5544:4484:0327/060731:28613921:ERROR:network_change_notifier_win.cc(143)] WSALookupServiceBegin failed with: 1722
[5544:4484:0327/074235:34317926:ERROR:network_change_notifier_win.cc(143)] WSALookupServiceBegin failed with: 1722
[5544:4484:0327/074247:34329923:ERROR:network_change_notifier_win.cc(143)] WSALookupServiceBegin failed with: 1722
[5544:4484:0327/080144:35466078:ERROR:window_impl.cc(55)] Failed to unregister class Chrome_WidgetWin_0. Error = 1412
[8160:6876:0327/102527:3759046:ERROR:network_change_notifier_win.cc(143)] WSALookupServiceBegin failed with: 1722
[8160:6876:0327/102743:3895422:ERROR:window_impl.cc(55)] Failed to unregister class Chrome_WidgetWin_0. Error = 1412
[3920:8088:0327/104351:4863065:ERROR:network_change_notifier_win.cc(143)] WSALookupServiceBegin failed with: 1722
[3920:8088:0327/104447:4919850:ERROR:window_impl.cc(55)] Failed to unregister class Chrome_WidgetWin_0. Error = 1412
[8028:7732:0327/104603:4995089:ERROR:network_change_notifier_win.cc(143)] WSALookupServiceBegin failed with: 1722
[8028:7732:0327/104616:5007944:ERROR:window_impl.cc(55)] Failed to unregister class Chrome_WidgetWin_0. Error = 1412
[7160:5672:0327/182755:247058:ERROR:network_change_notifier_win.cc(143)] WSALookupServiceBegin failed with: 1722
[7160:9040:0327/221530:13901841:WARNING:network_location_provider.cc(190)] StartProvider() : Failed, Bad URL: 
[7160:5672:0327/224641:15772481:ERROR:window_impl.cc(55)] Failed to unregister class Chrome_WidgetWin_0. Error = 1412
[7016:2712:0327/224707:15799079:ERROR:network_change_notifier_win.cc(143)] WSALookupServiceBegin failed with: 1722
[7016:2712:0327/231636:17567693:ERROR:window_impl.cc(55)] Failed to unregister class Chrome_WidgetWin_0. Error = 1412
[6568:7668:0327/231808:17659281:ERROR:network_change_notifier_win.cc(143)] WSALookupServiceBegin failed with: 1722
[6568:7668:0327/231924:17735519:ERROR:window_impl.cc(55)] Failed to unregister class Chrome_WidgetWin_0. Error = 1412
[6552:7696:0327/232910:18322021:ERROR:network_change_notifier_win.cc(143)] WSALookupServiceBegin failed with: 1722
[6552:7696:0327/234543:19314514:ERROR:window_impl.cc(55)] Failed to unregister class Chrome_WidgetWin_0. Error = 1412
[9884:9360:0327/234818:19469377:ERROR:network_change_notifier_win.cc(143)] WSALookupServiceBegin failed with: 1722
[9884:9360:0327/234831:19482496:ERROR:window_impl.cc(55)] Failed to unregister class Chrome_WidgetWin_0. Error = 1412
[8788:9252:0327/234908:19519406:ERROR:network_change_notifier_win.cc(143)] WSALookupServiceBegin failed with: 1722
[8788:9252:0327/234925:19537159:ERROR:window_impl.cc(55)] Failed to unregister class Chrome_WidgetWin_0. Error = 1412
