[1312:1932:0322/150059:27925988:ERROR:network_change_notifier_win.cc(143)] WSALookupServiceBegin failed with: 1722
[1312:1932:0322/201511:46777882:ERROR:window_impl.cc(55)] Failed to unregister class Chrome_WidgetWin_0. Error = 1412
[932:2972:0323/072209:86796163:ERROR:network_change_notifier_win.cc(143)] WSALookupServiceBegin failed with: 1722
[932:2972:0323/113425:101931864:ERROR:window_impl.cc(55)] Failed to unregister class Chrome_WidgetWin_0. Error = 1412
[9424:7476:0323/124553:106219879:ERROR:network_change_notifier_win.cc(143)] WSALookupServiceBegin failed with: 1722
[9424:7476:0323/132539:108605634:ERROR:window_impl.cc(55)] Failed to unregister class Chrome_WidgetWin_0. Error = 1412
[8824:9680:0323/132615:108642138:ERROR:network_change_notifier_win.cc(143)] WSALookupServiceBegin failed with: 1722
[8824:9680:0323/140152:110779086:ERROR:window_impl.cc(55)] Failed to unregister class Chrome_WidgetWin_0. Error = 1412
[4664:9584:0323/140209:110795560:ERROR:network_change_notifier_win.cc(143)] WSALookupServiceBegin failed with: 1722
[4664:9584:0323/140242:110829085:ERROR:window_impl.cc(55)] Failed to unregister class Chrome_WidgetWin_0. Error = 1412
[4256:8636:0323/163500:119967030:ERROR:network_change_notifier_win.cc(143)] WSALookupServiceBegin failed with: 1722
[4256:8636:0323/204432:134939024:ERROR:network_change_notifier_win.cc(143)] WSALookupServiceBegin failed with: 1722
[4256:8636:0323/204502:134968523:ERROR:network_change_notifier_win.cc(143)] WSALookupServiceBegin failed with: 1722
[4256:8636:0323/204523:134990020:ERROR:network_change_notifier_win.cc(143)] WSALookupServiceBegin failed with: 1722
[4256:8636:0323/204536:135003015:ERROR:network_change_notifier_win.cc(143)] WSALookupServiceBegin failed with: 1722
[4256:8636:0323/204553:135019520:ERROR:network_change_notifier_win.cc(143)] WSALookupServiceBegin failed with: 1722
[4256:8636:0323/204611:135037523:ERROR:network_change_notifier_win.cc(143)] WSALookupServiceBegin failed with: 1722
[4256:8636:0323/204626:135053029:ERROR:network_change_notifier_win.cc(143)] WSALookupServiceBegin failed with: 1722
[4256:8636:0323/204635:135061531:ERROR:network_change_notifier_win.cc(143)] WSALookupServiceBegin failed with: 1722
[4256:8636:0323/204653:135079518:ERROR:network_change_notifier_win.cc(143)] WSALookupServiceBegin failed with: 1722
[4256:8636:0323/204705:135091530:ERROR:network_change_notifier_win.cc(143)] WSALookupServiceBegin failed with: 1722
[4256:8636:0323/204721:135108019:ERROR:network_change_notifier_win.cc(143)] WSALookupServiceBegin failed with: 1722
[4256:8636:0323/204729:135115523:ERROR:network_change_notifier_win.cc(143)] WSALookupServiceBegin failed with: 1722
[4256:8636:0323/204753:135140015:ERROR:network_change_notifier_win.cc(143)] WSALookupServiceBegin failed with: 1722
[4256:8636:0323/204803:135150015:ERROR:network_change_notifier_win.cc(143)] WSALookupServiceBegin failed with: 1722
[4256:8636:0323/204818:135165022:ERROR:network_change_notifier_win.cc(143)] WSALookupServiceBegin failed with: 1722
[4256:8636:0323/204826:135173025:ERROR:network_change_notifier_win.cc(143)] WSALookupServiceBegin failed with: 1722
[4256:8636:0323/204905:135211526:ERROR:network_change_notifier_win.cc(143)] WSALookupServiceBegin failed with: 1722
[4256:8636:0323/204923:135229529:ERROR:network_change_notifier_win.cc(143)] WSALookupServiceBegin failed with: 1722
[4256:8636:0323/204939:135246018:ERROR:network_change_notifier_win.cc(143)] WSALookupServiceBegin failed with: 1722
[4256:8636:0323/204959:135265549:ERROR:network_change_notifier_win.cc(143)] WSALookupServiceBegin failed with: 1722
[4256:8636:0323/205023:135289527:ERROR:network_change_notifier_win.cc(143)] WSALookupServiceBegin failed with: 1722
[4256:8636:0323/205038:135304518:ERROR:network_change_notifier_win.cc(143)] WSALookupServiceBegin failed with: 1722
[4256:8636:0323/210526:136193116:ERROR:window_impl.cc(55)] Failed to unregister class Chrome_WidgetWin_0. Error = 1412
[6368:6340:0323/234334:776323:ERROR:network_change_notifier_win.cc(143)] WSALookupServiceBegin failed with: 1722
[6368:6340:0323/234500:862513:ERROR:window_impl.cc(55)] Failed to unregister class Chrome_WidgetWin_0. Error = 1412
[4852:3744:0323/234517:880095:ERROR:network_change_notifier_win.cc(143)] WSALookupServiceBegin failed with: 1722
[4852:3744:0323/234636:958719:ERROR:render_widget_host_impl.cc(1839)] We seem to have a different key type sent from the renderer. (7 vs. 10). Ignoring event.
[4852:3744:0323/234636:958797:ERROR:render_widget_host_impl.cc(1836)] Got a KeyEvent back from the renderer but we don't seem to have sent it to the renderer!
[4852:3744:0323/234636:958797:ERROR:render_widget_host_impl.cc(1836)] Got a KeyEvent back from the renderer but we don't seem to have sent it to the renderer!
[12056:11972:0328/064749:44640856:ERROR:network_change_notifier_win.cc(143)] WSALookupServiceBegin failed with: 1722
[12056:10708:0328/064750:44641948:ERROR:cache_util_win.cc(43)] Unable to move the cache: 5
[12056:10708:0328/064750:44641948:ERROR:backend_impl.cc(134)] Unable to move cache folder C:\Users\Steve\AppData\Local\Sencha\Sencha Architect 2.2\Cache to C:\Users\Steve\AppData\Local\Sencha\Sencha Architect 2.2\old_Cache_000
[12056:10708:0328/064750:44641948:ERROR:backend_impl.cc(221)] Unable to create cache
[12056:11972:0328/065557:45128343:ERROR:window_impl.cc(55)] Failed to unregister class Chrome_WidgetWin_0. Error = 1412
[11864:10888:0328/065623:45154848:ERROR:network_change_notifier_win.cc(143)] WSALookupServiceBegin failed with: 1722
[11864:7104:0328/065624:45155815:ERROR:cache_util_win.cc(43)] Unable to move the cache: 5
[11864:7104:0328/065624:45155815:ERROR:backend_impl.cc(134)] Unable to move cache folder C:\Users\Steve\AppData\Local\Sencha\Sencha Architect 2.2\Cache to C:\Users\Steve\AppData\Local\Sencha\Sencha Architect 2.2\old_Cache_000
[11864:7104:0328/065624:45155815:ERROR:backend_impl.cc(221)] Unable to create cache
[11864:10888:0328/071208:46099527:ERROR:window_impl.cc(55)] Failed to unregister class Chrome_WidgetWin_0. Error = 1412
[9516:4788:0329/140831:52486723:ERROR:network_change_notifier_win.cc(143)] WSALookupServiceBegin failed with: 1722
[9516:2944:0329/140832:52487737:ERROR:cache_util_win.cc(43)] Unable to move the cache: 5
[9516:2944:0329/140832:52487737:ERROR:backend_impl.cc(134)] Unable to move cache folder C:\Users\Steve\AppData\Local\Sencha\Sencha Architect 2.2\Cache to C:\Users\Steve\AppData\Local\Sencha\Sencha Architect 2.2\old_Cache_000
[9516:2944:0329/140832:52487737:ERROR:backend_impl.cc(221)] Unable to create cache
[9516:4788:0329/141908:53124081:ERROR:window_impl.cc(55)] Failed to unregister class Chrome_WidgetWin_0. Error = 1412
[12004:11076:0330/130118:134853332:ERROR:network_change_notifier_win.cc(143)] WSALookupServiceBegin failed with: 1722
[12004:11888:0330/130119:134854362:ERROR:cache_util_win.cc(43)] Unable to move the cache: 5
[12004:11888:0330/130119:134854362:ERROR:backend_impl.cc(134)] Unable to move cache folder C:\Users\Steve\AppData\Local\Sencha\Sencha Architect 2.2\Cache to C:\Users\Steve\AppData\Local\Sencha\Sencha Architect 2.2\old_Cache_000
[12004:11888:0330/130119:134854362:ERROR:backend_impl.cc(221)] Unable to create cache
[12004:11076:0330/130411:135027148:ERROR:window_impl.cc(55)] Failed to unregister class Chrome_WidgetWin_0. Error = 1412
[14076:11396:0330/181654:153789654:ERROR:network_change_notifier_win.cc(143)] WSALookupServiceBegin failed with: 1722
[14076:11956:0330/181655:153790730:ERROR:cache_util_win.cc(43)] Unable to move the cache: 5
[14076:11956:0330/181655:153790730:ERROR:backend_impl.cc(134)] Unable to move cache folder C:\Users\Steve\AppData\Local\Sencha\Sencha Architect 2.2\Cache to C:\Users\Steve\AppData\Local\Sencha\Sencha Architect 2.2\old_Cache_000
[14076:11956:0330/181655:153790730:ERROR:backend_impl.cc(221)] Unable to create cache
[14076:11396:0330/181745:153840276:ERROR:window_impl.cc(55)] Failed to unregister class Chrome_WidgetWin_0. Error = 1412
[2432:8996:0415/213938:17655881:ERROR:network_change_notifier_win.cc(143)] WSALookupServiceBegin failed with: 1722
[2432:8996:0415/214553:18031047:ERROR:window_impl.cc(55)] Failed to unregister class Chrome_WidgetWin_0. Error = 1412
